% Sail CM calculation OUTPUT file
% Created by:     agmotes165
% Created on:     18-Oct-2019 15:14:53
% Created using:  agmotes165-PC
% Input file:     Classic_rev2_alfa2.txt
% 
% Center of mass [m]: 
Xcm = -0.4799;
Ycm = -0.2107;
Zcm = 0.0000;
% 
% Mass total [kg]: 
mT = 1.0862;
% 
% Neutral point [m]: 
xNP = -0.5599;
% 
% Static margin: 
SM = 0.2914;
% 
% X offset [m]: 
xoff = 0.4572;
% 
% Spanwise coordinate of lift [m]: 
yL = -0.6858;
% 
% yLyCM ratio: 
yLyCM = 3.2552;
% 
% Spanwise tether location [m]: 
yT = 0.0000;
% 
% Pitch ballast mass [kg]: 
PB = 0.0000;
% 
% Roll ballast mass [kg]: 
RB = 0.0000;
% 
% Total ballast mass [kg]: 
TB = 0.0000;
% 
% Ballast mass ratio: 
BMR = 0.0000;
% 
% Dynamic pressure [Pa]: 
q = 15.3125;
% 
% Wing lift coefficient at stall: 
CL = 1.1165;
% 
% Rudder deflection [deg]: 
de = 5.0000;
% 
% Wing angle of attack at stall [deg]: 
alfa = 5.0000;
% 
% Lift [N]: 
L = 6.4327;
% 
% Roll angle [deg]: 
theta = 116.7011;
% 
% Guide force [N]: 
GF = 2.8904;
